<?xml version="1.0" encoding="UTF-8"?>
<!-- Generated by org.testng.reporters.JUnitXMLReporter -->
<testsuite hostname="MTYTM15492YLR" name="Default test" tests="4" failures="0" timestamp="28 Jun 2016 22:40:17 GMT" time="0.12" errors="0">
  <testcase name="@BeforeTest setBrowser" time="0.0" classname="comfrontEndappTestOps.TestOps_Jenkins">
    <failure type="org.testng.TestNGException" message="
Parameter &amp;apos;browser&amp;apos; is required by @Configuration on method setBrowser but has not been marked @Optional or defined
in C:\Users\l.enriquez.rodriguez\AppData\Local\Temp\testng-eclipse--206905017\testng-customsuite.xml">
      <![CDATA[org.testng.TestNGException: 
Parameter 'browser' is required by @Configuration on method setBrowser but has not been marked @Optional or defined
in C:\Users\l.enriquez.rodriguez\AppData\Local\Temp\testng-eclipse--206905017\testng-customsuite.xml
	at org.testng.internal.Parameters.createParameters(Parameters.java:154)
	at org.testng.internal.Parameters.createParameters(Parameters.java:361)
	at org.testng.internal.Parameters.createConfigurationParameters(Parameters.java:84)
	at org.testng.internal.Invoker.invokeConfigurations(Invoker.java:197)
	at org.testng.internal.Invoker.invokeConfigurations(Invoker.java:138)
	at org.testng.TestRunner.beforeRun(TestRunner.java:648)
	at org.testng.TestRunner.run(TestRunner.java:616)
	at org.testng.SuiteRunner.runTest(SuiteRunner.java:359)
	at org.testng.SuiteRunner.runSequentially(SuiteRunner.java:354)
	at org.testng.SuiteRunner.privateRun(SuiteRunner.java:312)
	at org.testng.SuiteRunner.run(SuiteRunner.java:261)
	at org.testng.SuiteRunnerWorker.runSuite(SuiteRunnerWorker.java:52)
	at org.testng.SuiteRunnerWorker.run(SuiteRunnerWorker.java:86)
	at org.testng.TestNG.runSuitesSequentially(TestNG.java:1215)
	at org.testng.TestNG.runSuitesLocally(TestNG.java:1140)
	at org.testng.TestNG.run(TestNG.java:1048)
	at org.testng.remote.AbstractRemoteTestNG.run(AbstractRemoteTestNG.java:126)
	at org.testng.remote.RemoteTestNG.initAndRun(RemoteTestNG.java:137)
	at org.testng.remote.RemoteTestNG.main(RemoteTestNG.java:58)
]]>
    </failure>
  </testcase> <!-- @BeforeTest setBrowser -->
  <testcase name="loginTest" time="0.017" classname="comfrontEndappTestOps.TestOps_Jenkins">
    <skipped/>
  </testcase> <!-- loginTest -->
  <testcase name="listofUsers" time="0.006" classname="comfrontEndappTestOps.TestOps_Jenkins">
    <skipped/>
  </testcase> <!-- listofUsers -->
  <testcase name="changePwd" time="0.003" classname="comfrontEndappTestOps.TestOps_Jenkins">
    <skipped/>
  </testcase> <!-- changePwd -->
  <testcase name="logOut" time="0.005" classname="comfrontEndappTestOps.TestOps_Jenkins">
    <skipped/>
  </testcase> <!-- logOut -->
</testsuite> <!-- Default test -->
