<?xml version="1.0" encoding="UTF-8"?>
<!-- Generated by org.testng.reporters.JUnitXMLReporter -->
<testsuite hostname="MTYTM15492YLR" name="FirefoxTest" tests="2" failures="0" timestamp="20 Jun 2016 22:35:08 GMT" time="0.295" errors="0">
  <testcase name="@BeforeTest setBrowser" time="0.0" classname="comfrontEndappTestOps.SetBrowser">
    <failure type="org.openqa.selenium.WebDriverException" message="Cannot find firefox binary in PATH. Make sure firefox is installed. OS appears to be: WIN10
Build info: version: &amp;apos;2.53.0&amp;apos;, revision: &amp;apos;35ae25b&amp;apos;, time: &amp;apos;2016-03-15 16:57:40&amp;apos;
System info: host: &amp;apos;MTYTM15492YLR&amp;apos;, ip: &amp;apos;192.168.2.2&amp;apos;, os.name: &amp;apos;Windows 10&amp;apos;, os.arch: &amp;apos;amd64&amp;apos;, os.version: &amp;apos;10.0&amp;apos;, java.version: &amp;apos;1.8.0_91&amp;apos;
Driver info: driver.version: FirefoxDriver">
      <![CDATA[org.openqa.selenium.WebDriverException: Cannot find firefox binary in PATH. Make sure firefox is installed. OS appears to be: WIN10
Build info: version: '2.53.0', revision: '35ae25b', time: '2016-03-15 16:57:40'
System info: host: 'MTYTM15492YLR', ip: '192.168.2.2', os.name: 'Windows 10', os.arch: 'amd64', os.version: '10.0', java.version: '1.8.0_91'
Driver info: driver.version: FirefoxDriver
	at org.openqa.selenium.firefox.internal.Executable.<init>(Executable.java:74)
	at org.openqa.selenium.firefox.FirefoxBinary.<init>(FirefoxBinary.java:60)
	at org.openqa.selenium.firefox.FirefoxBinary.<init>(FirefoxBinary.java:56)
	at org.openqa.selenium.firefox.FirefoxDriver.<init>(FirefoxDriver.java:120)
	at comfrontEndappTestOps.SetBrowser.setBrowser(SetBrowser.java:23)
... Removed 22 stack frames]]>
    </failure>
  </testcase> <!-- @BeforeTest setBrowser -->
  <testcase name="@AfterTest closingTest" time="0.0" classname="comfrontEndappTestOps.SetBrowser">
    <skipped/>
  </testcase> <!-- @AfterTest closingTest -->
  <testcase name="loginTest" time="0.005" classname="comfrontEndappTestOps.SetBrowser">
    <skipped/>
  </testcase> <!-- loginTest -->
  <testcase name="logoutTest" time="0.01" classname="comfrontEndappTestOps.SetBrowser">
    <skipped/>
  </testcase> <!-- logoutTest -->
</testsuite> <!-- FirefoxTest -->
